This file contains any messages produced by compilers while
running configure, to aid debugging if configure makes a mistake.

It was created by configure, which was
generated by GNU Autoconf 2.61.  Invocation command line was

  $ ./configure CFLAGS=-O0 -g  CXXFLAGS=-O0 -g

## --------- ##
## Platform. ##
## --------- ##

hostname = armada
uname -m = x86_64
uname -r = 2.6.26.3
uname -s = Linux
uname -v = #5 SMP PREEMPT Sat Aug 30 17:24:04 BST 2008

/usr/bin/uname -p = Intel(R) Core(TM)2 Quad CPU Q6600 @ 2.40GHz
/bin/uname -X     = unknown

/bin/arch              = unknown
/usr/bin/arch -k       = unknown
/usr/convex/getsysinfo = unknown
/usr/bin/hostinfo      = unknown
/bin/machine           = unknown
/usr/bin/oslevel       = unknown
/bin/universe          = unknown

PATH: /usr/kde/3.5/bin
PATH: /home/richard/scripts
PATH: /usr/local/bin
PATH: /usr/bin
PATH: /bin
PATH: /opt/bin
PATH: /usr/x86_64-pc-linux-gnu/gcc-bin/4.3.1
PATH: /opt/blackdown-jdk-1.4.2.03/bin
PATH: /opt/blackdown-jdk-1.4.2.03/jre/bin
PATH: /usr/qt/3/bin
PATH: /usr/games/bin
PATH: /home/richard/coding/misc


## ----------- ##
## Core tests. ##
## ----------- ##

configure:1759: checking for gcc
configure:1775: found /usr/bin/gcc
configure:1786: result: gcc
configure:2024: checking for C compiler version
configure:2031: gcc --version >&5
gcc (Gentoo 4.3.1-r1 p1.1) 4.3.1
Copyright (C) 2008 Free Software Foundation, Inc.
This is free software; see the source for copying conditions.  There is NO
warranty; not even for MERCHANTABILITY or FITNESS FOR A PARTICULAR PURPOSE.

configure:2034: $? = 0
configure:2041: gcc -v >&5
Using built-in specs.
Target: x86_64-pc-linux-gnu
Configured with: /var/tmp/portage/sys-devel/gcc-4.3.1-r1/work/gcc-4.3.1/configure --prefix=/usr --bindir=/usr/x86_64-pc-linux-gnu/gcc-bin/4.3.1 --includedir=/usr/lib/gcc/x86_64-pc-linux-gnu/4.3.1/include --datadir=/usr/share/gcc-data/x86_64-pc-linux-gnu/4.3.1 --mandir=/usr/share/gcc-data/x86_64-pc-linux-gnu/4.3.1/man --infodir=/usr/share/gcc-data/x86_64-pc-linux-gnu/4.3.1/info --with-gxx-include-dir=/usr/lib/gcc/x86_64-pc-linux-gnu/4.3.1/include/g++-v4 --host=x86_64-pc-linux-gnu --build=x86_64-pc-linux-gnu --disable-altivec --enable-nls --without-included-gettext --with-system-zlib --disable-checking --disable-werror --enable-secureplt --enable-multilib --enable-libmudflap --disable-libssp --enable-cld --disable-libgcj --enable-languages=c,c++,treelang,fortran --enable-shared --enable-threads=posix --enable-__cxa_atexit --enable-clocale=gnu --with-bugurl=http://bugs.gentoo.org/ --with-pkgversion='Gentoo 4.3.1-r1 p1.1'
Thread model: posix
gcc version 4.3.1 (Gentoo 4.3.1-r1 p1.1) 
configure:2044: $? = 0
configure:2051: gcc -V >&5
gcc: '-V' option must have argument
configure:2054: $? = 1
configure:2077: checking for C compiler default output file name
configure:2104: gcc -O0 -g    conftest.c  >&5
configure:2107: $? = 0
configure:2145: result: a.out
configure:2162: checking whether the C compiler works
configure:2172: ./a.out
configure:2175: $? = 0
configure:2192: result: yes
configure:2199: checking whether we are cross compiling
configure:2201: result: no
configure:2204: checking for suffix of executables
configure:2211: gcc -o conftest -O0 -g    conftest.c  >&5
configure:2214: $? = 0
configure:2238: result: 
configure:2244: checking for suffix of object files
configure:2270: gcc -c -O0 -g   conftest.c >&5
configure:2273: $? = 0
configure:2296: result: o
configure:2300: checking whether we are using the GNU C compiler
configure:2329: gcc -c -O0 -g   conftest.c >&5
configure:2335: $? = 0
configure:2352: result: yes
configure:2357: checking whether gcc accepts -g
configure:2387: gcc -c -g  conftest.c >&5
configure:2393: $? = 0
configure:2492: result: yes
configure:2509: checking for gcc option to accept ISO C89
configure:2583: gcc  -c -O0 -g   conftest.c >&5
configure:2589: $? = 0
configure:2612: result: none needed
configure:2674: checking build system type
configure:2692: result: x86_64-unknown-linux-gnu
configure:2714: checking host system type
configure:2729: result: x86_64-unknown-linux-gnu
configure:2751: checking target system type
configure:2766: result: x86_64-unknown-linux-gnu
configure:2808: checking for a BSD-compatible install
configure:2864: result: /usr/bin/install -c
configure:2875: checking whether build environment is sane
configure:2918: result: yes
configure:2951: checking for gawk
configure:2967: found /usr/bin/gawk
configure:2978: result: gawk
configure:2989: checking whether make sets $(MAKE)
configure:3010: result: yes
configure:3040: checking for style of include used by make
configure:3068: result: GNU
configure:3256: checking dependency style of gcc
configure:3339: result: gcc3
configure:3405: checking for gcc
configure:3432: result: gcc
configure:3670: checking for C compiler version
configure:3677: gcc --version >&5
gcc (Gentoo 4.3.1-r1 p1.1) 4.3.1
Copyright (C) 2008 Free Software Foundation, Inc.
This is free software; see the source for copying conditions.  There is NO
warranty; not even for MERCHANTABILITY or FITNESS FOR A PARTICULAR PURPOSE.

configure:3680: $? = 0
configure:3687: gcc -v >&5
Using built-in specs.
Target: x86_64-pc-linux-gnu
Configured with: /var/tmp/portage/sys-devel/gcc-4.3.1-r1/work/gcc-4.3.1/configure --prefix=/usr --bindir=/usr/x86_64-pc-linux-gnu/gcc-bin/4.3.1 --includedir=/usr/lib/gcc/x86_64-pc-linux-gnu/4.3.1/include --datadir=/usr/share/gcc-data/x86_64-pc-linux-gnu/4.3.1 --mandir=/usr/share/gcc-data/x86_64-pc-linux-gnu/4.3.1/man --infodir=/usr/share/gcc-data/x86_64-pc-linux-gnu/4.3.1/info --with-gxx-include-dir=/usr/lib/gcc/x86_64-pc-linux-gnu/4.3.1/include/g++-v4 --host=x86_64-pc-linux-gnu --build=x86_64-pc-linux-gnu --disable-altivec --enable-nls --without-included-gettext --with-system-zlib --disable-checking --disable-werror --enable-secureplt --enable-multilib --enable-libmudflap --disable-libssp --enable-cld --disable-libgcj --enable-languages=c,c++,treelang,fortran --enable-shared --enable-threads=posix --enable-__cxa_atexit --enable-clocale=gnu --with-bugurl=http://bugs.gentoo.org/ --with-pkgversion='Gentoo 4.3.1-r1 p1.1'
Thread model: posix
gcc version 4.3.1 (Gentoo 4.3.1-r1 p1.1) 
configure:3690: $? = 0
configure:3697: gcc -V >&5
gcc: '-V' option must have argument
configure:3700: $? = 1
configure:3703: checking whether we are using the GNU C compiler
configure:3755: result: yes
configure:3760: checking whether gcc accepts -g
configure:3895: result: yes
configure:3912: checking for gcc option to accept ISO C89
configure:4015: result: none needed
configure:4092: checking for g++
configure:4108: found /usr/bin/g++
configure:4119: result: g++
configure:4150: checking for C++ compiler version
configure:4157: g++ --version >&5
g++ (Gentoo 4.3.1-r1 p1.1) 4.3.1
Copyright (C) 2008 Free Software Foundation, Inc.
This is free software; see the source for copying conditions.  There is NO
warranty; not even for MERCHANTABILITY or FITNESS FOR A PARTICULAR PURPOSE.

configure:4160: $? = 0
configure:4167: g++ -v >&5
Using built-in specs.
Target: x86_64-pc-linux-gnu
Configured with: /var/tmp/portage/sys-devel/gcc-4.3.1-r1/work/gcc-4.3.1/configure --prefix=/usr --bindir=/usr/x86_64-pc-linux-gnu/gcc-bin/4.3.1 --includedir=/usr/lib/gcc/x86_64-pc-linux-gnu/4.3.1/include --datadir=/usr/share/gcc-data/x86_64-pc-linux-gnu/4.3.1 --mandir=/usr/share/gcc-data/x86_64-pc-linux-gnu/4.3.1/man --infodir=/usr/share/gcc-data/x86_64-pc-linux-gnu/4.3.1/info --with-gxx-include-dir=/usr/lib/gcc/x86_64-pc-linux-gnu/4.3.1/include/g++-v4 --host=x86_64-pc-linux-gnu --build=x86_64-pc-linux-gnu --disable-altivec --enable-nls --without-included-gettext --with-system-zlib --disable-checking --disable-werror --enable-secureplt --enable-multilib --enable-libmudflap --disable-libssp --enable-cld --disable-libgcj --enable-languages=c,c++,treelang,fortran --enable-shared --enable-threads=posix --enable-__cxa_atexit --enable-clocale=gnu --with-bugurl=http://bugs.gentoo.org/ --with-pkgversion='Gentoo 4.3.1-r1 p1.1'
Thread model: posix
gcc version 4.3.1 (Gentoo 4.3.1-r1 p1.1) 
configure:4170: $? = 0
configure:4177: g++ -V >&5
g++: '-V' option must have argument
configure:4180: $? = 1
configure:4183: checking whether we are using the GNU C++ compiler
configure:4212: g++ -c -O0 -g  conftest.cpp >&5
configure:4218: $? = 0
configure:4235: result: yes
configure:4240: checking whether g++ accepts -g
configure:4270: g++ -c -g  conftest.cpp >&5
configure:4276: $? = 0
configure:4375: result: yes
configure:4400: checking dependency style of g++
configure:4483: result: gcc3
configure:4543: checking for sdl-config
configure:4561: found /usr/bin/sdl-config
configure:4574: result: /usr/bin/sdl-config
configure:4583: checking for SDL - version >= 1.2.0
configure:4678: gcc -o conftest -O0 -g  -I/usr/include/SDL -D_GNU_SOURCE=1 -D_REENTRANT   conftest.c  -lSDL -lpthread >&5
configure:4681: $? = 0
configure:4687: ./conftest
configure:4690: $? = 0
configure:4710: result: yes
configure:4823: checking for a BSD-compatible install
configure:4879: result: /usr/bin/install -c
configure:4934: checking for ranlib
configure:4950: found /usr/bin/ranlib
configure:4961: result: ranlib
configure:5141: creating ./config.status

## ---------------------- ##
## Running config.status. ##
## ---------------------- ##

This file was extended by config.status, which was
generated by GNU Autoconf 2.61.  Invocation command line was

  CONFIG_FILES    = 
  CONFIG_HEADERS  = 
  CONFIG_LINKS    = 
  CONFIG_COMMANDS = 
  $ ./config.status 

on armada

config.status:641: creating Makefile
config.status:641: creating FeLib/Makefile
config.status:641: creating FeLib/Include/Makefile
config.status:641: creating FeLib/Source/Makefile
config.status:641: creating Script/Makefile
config.status:641: creating Graphics/Makefile
config.status:641: creating Main/Makefile
config.status:641: creating Main/Include/Makefile
config.status:641: creating Main/Resource/Makefile
config.status:641: creating Main/Source/Makefile
config.status:826: executing depfiles commands

## ---------------- ##
## Cache variables. ##
## ---------------- ##

ac_cv_build=x86_64-unknown-linux-gnu
ac_cv_c_compiler_gnu=yes
ac_cv_cxx_compiler_gnu=yes
ac_cv_env_CCC_set=
ac_cv_env_CCC_value=
ac_cv_env_CC_set=
ac_cv_env_CC_value=
ac_cv_env_CFLAGS_set=set
ac_cv_env_CFLAGS_value='-O0 -g '
ac_cv_env_CPPFLAGS_set=
ac_cv_env_CPPFLAGS_value=
ac_cv_env_CXXFLAGS_set=set
ac_cv_env_CXXFLAGS_value='-O0 -g'
ac_cv_env_CXX_set=
ac_cv_env_CXX_value=
ac_cv_env_LDFLAGS_set=
ac_cv_env_LDFLAGS_value=
ac_cv_env_LIBS_set=
ac_cv_env_LIBS_value=
ac_cv_env_build_alias_set=
ac_cv_env_build_alias_value=
ac_cv_env_host_alias_set=
ac_cv_env_host_alias_value=
ac_cv_env_target_alias_set=
ac_cv_env_target_alias_value=
ac_cv_host=x86_64-unknown-linux-gnu
ac_cv_objext=o
ac_cv_path_SDL_CONFIG=/usr/bin/sdl-config
ac_cv_path_install='/usr/bin/install -c'
ac_cv_prog_AWK=gawk
ac_cv_prog_ac_ct_CC=gcc
ac_cv_prog_ac_ct_CXX=g++
ac_cv_prog_ac_ct_RANLIB=ranlib
ac_cv_prog_cc_c89=
ac_cv_prog_cc_g=yes
ac_cv_prog_cxx_g=yes
ac_cv_prog_make_make_set=yes
ac_cv_target=x86_64-unknown-linux-gnu
am_cv_CC_dependencies_compiler_type=gcc3
am_cv_CXX_dependencies_compiler_type=gcc3

## ----------------- ##
## Output variables. ##
## ----------------- ##

ACLOCAL='${SHELL} /home/richard/ivancvs/ivan/missing --run aclocal-1.7'
AMDEPBACKSLASH='\'
AMDEP_FALSE='#'
AMDEP_TRUE=''
AMTAR='${SHELL} /home/richard/ivancvs/ivan/missing --run tar'
AUTOCONF='${SHELL} /home/richard/ivancvs/ivan/missing --run autoconf'
AUTOHEADER='${SHELL} /home/richard/ivancvs/ivan/missing --run autoheader'
AUTOMAKE='${SHELL} /home/richard/ivancvs/ivan/missing --run automake-1.7'
AWK='gawk'
CC='gcc'
CCAS='$(CC)'
CCASFLAGS='$(CFLAGS)'
CCDEPMODE='depmode=gcc3'
CFLAGS='-O0 -g  -I/usr/include/SDL -D_GNU_SOURCE=1 -D_REENTRANT '
CPPFLAGS='-I/usr/include/SDL -D_GNU_SOURCE=1 -D_REENTRANT -DLINUX -DLOCAL_STATE_DIR=\"${prefix}/com/ivan\" -DDATADIR=\"${datarootdir}\" -DUSE_SDL -DGCC'
CXX='g++'
CXXDEPMODE='depmode=gcc3'
CXXFLAGS='-O0 -g'
CYGPATH_W='echo'
DEFS='-DPACKAGE_NAME=\"\" -DPACKAGE_TARNAME=\"\" -DPACKAGE_VERSION=\"\" -DPACKAGE_STRING=\"\" -DPACKAGE_BUGREPORT=\"\" -DPACKAGE=\"ivan\" -DVERSION=\"0.50\"'
DEPDIR='.deps'
ECHO_C=''
ECHO_N='-n'
ECHO_T=''
EXEEXT=''
INSTALL_DATA='${INSTALL} -m 644'
INSTALL_PROGRAM='${INSTALL}'
INSTALL_SCRIPT='${INSTALL}'
INSTALL_STRIP_PROGRAM='${SHELL} $(install_sh) -c -s'
LDFLAGS=''
LIBOBJS=''
LIBS=' -lSDL -lpthread'
LTLIBOBJS=''
MAKEINFO='${SHELL} /home/richard/ivancvs/ivan/missing --run makeinfo'
OBJEXT='o'
PACKAGE='ivan'
PACKAGE_BUGREPORT=''
PACKAGE_NAME=''
PACKAGE_STRING=''
PACKAGE_TARNAME=''
PACKAGE_VERSION=''
PATH_SEPARATOR=':'
RANLIB='ranlib'
SDL_CFLAGS='-I/usr/include/SDL -D_GNU_SOURCE=1 -D_REENTRANT'
SDL_CONFIG='/usr/bin/sdl-config'
SDL_LIBS='-lSDL -lpthread'
SET_MAKE=''
SHELL='/bin/sh'
STRIP=''
VERSION='0.50'
ac_ct_CC='gcc'
ac_ct_CXX='g++'
am__fastdepCC_FALSE='#'
am__fastdepCC_TRUE=''
am__fastdepCXX_FALSE='#'
am__fastdepCXX_TRUE=''
am__include='include'
am__leading_dot='.'
am__quote=''
bindir='${exec_prefix}/bin'
build='x86_64-unknown-linux-gnu'
build_alias=''
build_cpu='x86_64'
build_os='linux-gnu'
build_vendor='unknown'
datadir='${datarootdir}'
datarootdir='${prefix}/share'
docdir='${datarootdir}/doc/${PACKAGE}'
dvidir='${docdir}'
exec_prefix='${prefix}'
host='x86_64-unknown-linux-gnu'
host_alias=''
host_cpu='x86_64'
host_os='linux-gnu'
host_vendor='unknown'
htmldir='${docdir}'
includedir='${prefix}/include'
infodir='${datarootdir}/info'
install_sh='/home/richard/ivancvs/ivan/install-sh'
libdir='${exec_prefix}/lib'
libexecdir='${exec_prefix}/libexec'
localedir='${datarootdir}/locale'
localstatedir='${prefix}/var'
mandir='${datarootdir}/man'
oldincludedir='/usr/include'
pdfdir='${docdir}'
prefix='/usr/local'
program_transform_name='s,x,x,'
psdir='${docdir}'
sbindir='${exec_prefix}/sbin'
sharedstatedir='${prefix}/com'
sysconfdir='${prefix}/etc'
target='x86_64-unknown-linux-gnu'
target_alias=''
target_cpu='x86_64'
target_os='linux-gnu'
target_vendor='unknown'

## ----------- ##
## confdefs.h. ##
## ----------- ##

#define PACKAGE_NAME ""
#define PACKAGE_TARNAME ""
#define PACKAGE_VERSION ""
#define PACKAGE_STRING ""
#define PACKAGE_BUGREPORT ""
#define PACKAGE "ivan"
#define VERSION "0.50"

configure: exit 0
